IQ-TREE multicore version 1.6.11 for Linux 64-bit built Jun  6 2019
Developed by Bui Quang Minh, Nguyen Lam Tung, Olga Chernomor,
Heiko Schmidt, Dominik Schrempf, Michael Woodhams.

Host:    laurel1.kudpc.kyoto-u.ac.jp (AVX2, FMA3, 125 GB RAM)
Command: iqtree -s SNPs_MT.fasta -m MFP -st DNA -bb 1000
Seed:    534020 (Using SPRNG - Scalable Parallel Random Number Generator)
Time:    Tue Feb  8 22:30:36 2022
Kernel:  AVX+FMA - 1 threads (36 CPU cores detected)

HINT: Use -nt option to specify number of threads because your CPU has 36 cores!
HINT: -nt AUTO will automatically determine the best number of threads to use.

Reading alignment file SNPs_MT.fasta ... Fasta format detected
Alignment most likely contains DNA/RNA sequences
Alignment has 8 sequences with 1193 columns, 72 distinct patterns
399 parsimony-informative, 794 singleton sites, 0 constant sites
   Gap/Ambiguity  Composition  p-value
   1  0    0.00%    passed     24.82%
   2  1    0.00%    passed     20.90%
   3  2    0.00%    passed     24.82%
   4  3    0.00%    passed     97.02%
   5  4    0.00%    passed     95.45%
   6  5    0.00%    passed     96.55%
   7  6    0.00%    passed     89.16%
   8  7    0.00%    failed      0.00%
****  TOTAL    0.00%  1 sequences failed composition chi2 test (p-value<5%; df=3)


Create initial parsimony tree by phylogenetic likelihood library (PLL)... 0.000 seconds
NOTE: ModelFinder requires 0 MB RAM!
ModelFinder will test 484 DNA models (sample size: 1193) ...
 No. Model         -LnL         df  AIC          AICc         BIC
  1  JC            4867.885     13  9761.769     9762.078     9827.864
  2  JC+ASC        4356.675     13  8739.349     8739.658     8805.444
  3  JC+G4         4867.896     14  9763.792     9764.149     9834.971
  4  JC+ASC+G4     4356.453     14  8740.906     8741.263     8812.086
  5  JC+R2         4868.144     15  9766.287     9766.695     9842.551
  6  JC+R3         4867.995     17  9769.989     9770.510     9856.421
 14  JC+ASC+R2     4355.848     15  8741.696     8742.104     8817.960
 15  JC+ASC+R3     4355.728     17  8745.455     8745.976     8831.887
 23  F81+F         4838.106     16  9708.213     9708.675     9789.561
 24  F81+F+ASC     4326.821     16  8685.642     8686.104     8766.990
 25  F81+F+G4      4838.118     17  9710.236     9710.757     9796.668
 26  F81+F+ASC+G4  4326.654     17  8687.309     8687.830     8773.741
 27  F81+F+R2      4838.138     18  9712.277     9712.860     9803.793
 28  F81+F+R3      4838.119     20  9716.239     9716.956     9817.924
 36  F81+F+ASC+R2  4326.109     18  8688.219     8688.801     8779.735
 37  F81+F+ASC+R3  4325.885     20  8691.770     8692.487     8793.454
 45  K2P           4831.319     14  9690.638     9690.995     9761.817
 46  K2P+ASC       4272.916     14  8573.832     8574.189     8645.012
 47  K2P+G4        4831.379     15  9692.758     9693.166     9769.022
 48  K2P+ASC+G4    4272.917     15  8575.833     8576.241     8652.097
 49  K2P+R2        4831.336     16  9694.672     9695.134     9776.019
 50  K2P+R3        4831.245     18  9698.490     9699.073     9790.006
 58  K2P+ASC+R2    4272.375     16  8576.749     8577.212     8658.097
 59  K2P+ASC+R3    4272.138     18  8580.277     8580.859     8671.793
 67  HKY+F         4801.565     17  9637.130     9637.651     9723.562
 68  HKY+F+ASC     4244.485     17  8522.971     8523.492     8609.403
 69  HKY+F+G4      4801.622     18  9639.243     9639.826     9730.759
 70  HKY+F+ASC+G4  4244.486     18  8524.972     8525.554     8616.488
 71  HKY+F+R2      4801.569     19  9641.138     9641.786     9737.739
 72  HKY+F+R3      4801.495     21  9644.991     9645.780     9751.759
 80  HKY+F+ASC+R2  4243.785     19  8525.569     8526.217     8622.169
 81  HKY+F+ASC+R3  4243.708     21  8529.415     8530.204     8636.184
 89  TNe           4831.282     15  9692.564     9692.972     9768.828
 90  TNe+ASC       4272.723     15  8575.445     8575.853     8651.709
 91  TNe+G4        4831.337     16  9694.675     9695.137     9776.023
 92  TNe+ASC+G4    4272.722     16  8577.444     8577.907     8658.792
 93  TNe+R2        4831.311     17  9696.621     9697.142     9783.053
 94  TNe+R3        4831.203     19  9700.407     9701.055     9797.007
102  TNe+ASC+R2    4272.012     17  8578.025     8578.546     8664.457
103  TNe+ASC+R3    4271.945     19  8581.890     8582.538     8678.490
111  TN+F          4801.538     18  9639.076     9639.659     9730.592
112  TN+F+ASC      4244.368     18  8524.736     8525.319     8616.252
113  TN+F+G4       4801.594     19  9641.188     9641.836     9737.789
114  TN+F+ASC+G4   4244.368     19  8526.737     8527.385     8623.337
115  TN+F+R2       4801.635     20  9643.270     9643.987     9744.954
116  TN+F+R3       4801.377     22  9646.754     9647.619     9758.607
124  TN+F+ASC+R2   4243.962     20  8527.924     8528.641     8629.608
125  TN+F+ASC+R3   4243.595     22  8531.190     8532.055     8643.043
133  K3P           4736.097     15  9502.194     9502.602     9578.458
134  K3P+ASC       4173.868     15  8377.736     8378.144     8453.999
135  K3P+G4        4736.218     16  9504.435     9504.898     9585.783
136  K3P+ASC+G4    4173.869     16  8379.737     8380.200     8461.085
137  K3P+R2        4736.214     17  9506.427     9506.948     9592.859
138  K3P+R3        4736.099     19  9510.199     9510.847     9606.799
146  K3P+ASC+R2    4174.655     17  8383.310     8383.831     8469.742
147  K3P+ASC+R3    4173.325     19  8384.650     8385.298     8481.250
155  K3Pu+F        4705.869     18  9447.738     9448.321     9539.254
156  K3Pu+F+ASC    4143.434     18  8322.868     8323.450     8414.384
157  K3Pu+F+G4     4705.990     19  9449.980     9450.628     9546.580
158  K3Pu+F+ASC+G4 4143.435     19  8324.869     8325.517     8421.469
159  K3Pu+F+R2     4705.989     20  9451.977     9452.694     9553.662
160  K3Pu+F+R3     4705.845     22  9455.691     9456.556     9567.544
168  K3Pu+F+ASC+R2 4144.410     20  8328.819     8329.536     8430.504
169  K3Pu+F+ASC+R3 4142.922     22  8329.845     8330.710     8441.698
177  TPM2+F        4787.305     18  9610.609     9611.192     9702.125
178  TPM2+F+ASC    4229.996     18  8495.993     8496.575     8587.509
179  TPM2+F+G4     4787.351     19  9612.702     9613.350     9709.302
180  TPM2+F+ASC+G4 4229.997     19  8497.995     8498.643     8594.595
181  TPM2+F+R2     4977.795     20  9995.590     9996.307     10097.275
182  TPM2+F+R3     4785.179     22  9614.359     9615.224     9726.212
183  TPM2+F+R4     4785.222     24  9618.443     9619.471     9740.465
190  TPM2+F+ASC+R2 4230.832     20  8501.663     8502.380     8603.348
191  TPM2+F+ASC+R3 4229.643     22  8503.287     8504.152     8615.140
199  TPM2u+F       4787.279     18  9610.558     9611.141     9702.074
200  TPM2u+F+ASC   4229.997     18  8495.994     8496.576     8587.510
201  TPM2u+F+G4    4787.351     19  9612.702     9613.350     9709.302
202  TPM2u+F+ASC+G4 4229.997     19  8497.995     8498.643     8594.595
203  TPM2u+F+R2    5463.602     20  10967.204    10967.921    11068.888
204  TPM2u+F+R3    4785.314     22  9614.629     9615.494     9726.482
205  TPM2u+F+R4    4785.268     24  9618.535     9619.562     9740.556
212  TPM2u+F+ASC+R2 4230.832     20  8501.663     8502.380     8603.348
213  TPM2u+F+ASC+R3 4229.515     22  8503.030     8503.895     8614.883
221  TPM3+F        4796.415     18  9628.830     9629.412     9720.346
222  TPM3+F+ASC    4236.698     18  8509.397     8509.979     8600.913
223  TPM3+F+G4     4796.462     19  9630.924     9631.572     9727.525
224  TPM3+F+ASC+G4 4236.699     19  8511.399     8512.047     8607.999
225  TPM3+F+R2     5562.330     20  11164.660    11165.377    11266.345
226  TPM3+F+R3     4794.452     22  9632.904     9633.769     9744.757
227  TPM3+F+R4     4794.358     24  9636.716     9637.743     9758.737
234  TPM3+F+ASC+R2 4237.310     20  8514.621     8515.337     8616.305
235  TPM3+F+ASC+R3 4236.094     22  8516.187     8517.052     8628.040
243  TPM3u+F       4796.396     18  9628.793     9629.375     9720.309
244  TPM3u+F+ASC   4236.699     18  8509.398     8509.980     8600.914
245  TPM3u+F+G4    4796.462     19  9630.924     9631.572     9727.525
246  TPM3u+F+ASC+G4 4236.699     19  8511.399     8512.047     8607.999
247  TPM3u+F+R2    5582.523     20  11205.046    11205.763    11306.731
248  TPM3u+F+R3    4794.508     22  9633.017     9633.882     9744.870
249  TPM3u+F+R4    4794.418     24  9636.836     9637.863     9758.857
256  TPM3u+F+ASC+R2 4237.310     20  8514.621     8515.337     8616.305
257  TPM3u+F+ASC+R3 4236.017     22  8516.033     8516.898     8627.886
265  TIMe          4736.111     16  9504.223     9504.686     9585.571
266  TIMe+ASC      4173.672     16  8379.344     8379.807     8460.692
267  TIMe+G4       4736.194     17  9506.388     9506.909     9592.820
268  TIMe+ASC+G4   4173.675     17  8381.350     8381.871     8467.782
269  TIMe+R2       5509.933     18  11055.865    11056.448    11147.381
270  TIMe+R3       4736.100     20  9512.200     9512.916     9613.884
271  TIMe+R4       4736.057     22  9516.114     9516.979     9627.967
278  TIMe+ASC+R2   4174.496     18  8384.992     8385.575     8476.508
279  TIMe+ASC+R3   4172.971     20  8385.941     8386.658     8487.626
287  TIM+F         4705.834     19  9449.667     9450.315     9546.268
288  TIM+F+ASC     4143.315     19  8324.629     8325.277     8421.230
289  TIM+F+G4      4705.954     20  9451.909     9452.626     9553.593
290  TIM+F+ASC+G4  4143.315     20  8326.631     8327.348     8428.315
291  TIM+F+R2      5361.341     21  10764.681    10765.470    10871.450
292  TIM+F+R3      4705.892     23  9457.784     9458.729     9574.722
293  TIM+F+R4      4705.829     25  9461.659     9462.773     9588.764
300  TIM+F+ASC+R2  4144.291     21  8330.582     8331.371     8437.351
301  TIM+F+ASC+R3  4142.607     23  8331.215     8332.159     8448.152
309  TIM2e         4814.263     16  9660.527     9660.989     9741.874
310  TIM2e+ASC     4250.368     16  8532.736     8533.199     8614.084
311  TIM2e+G4      4814.325     17  9662.651     9663.172     9749.083
312  TIM2e+ASC+G4  4250.369     17  8534.738     8535.259     8621.170
313  TIM2e+R2      5463.012     18  10962.024    10962.607    11053.540
314  TIM2e+R3      4812.566     20  9665.133     9665.849     9766.817
315  TIM2e+R4      4812.566     22  9669.132     9669.997     9780.985
322  TIM2e+ASC+R2  4250.980     18  8537.960     8538.542     8629.476
323  TIM2e+ASC+R3  4249.562     20  8539.124     8539.841     8640.808
331  TIM2+F        4787.206     19  9612.412     9613.060     9709.012
332  TIM2+F+ASC    4229.874     19  8497.748     8498.396     8594.348
333  TIM2+F+G4     4787.290     20  9614.580     9615.297     9716.264
334  TIM2+F+ASC+G4 4229.874     20  8499.749     8500.465     8601.433
335  TIM2+F+R2     5567.628     21  11177.256    11178.045    11284.025
336  TIM2+F+R3     4785.685     23  9617.370     9618.314     9734.307
337  TIM2+F+R4     4785.424     25  9620.848     9621.962     9747.953
344  TIM2+F+ASC+R2 4230.708     21  8503.415     8504.204     8610.184
345  TIM2+F+ASC+R3 4229.316     23  8504.632     8505.576     8621.569
353  TIM3e         4822.017     16  9676.034     9676.496     9757.381
354  TIM3e+ASC     4244.891     16  8521.782     8522.245     8603.130
355  TIM3e+G4      4822.061     17  9678.122     9678.643     9764.554
356  TIM3e+ASC+G4  4244.892     17  8523.785     8524.306     8610.217
357  TIM3e+R2      5562.005     18  11160.009    11160.592    11251.526
358  TIM3e+R3      4820.263     20  9680.525     9681.242     9782.210
359  TIM3e+R4      4819.659     22  9683.318     9684.183     9795.171
366  TIM3e+ASC+R2  4244.931     18  8525.862     8526.444     8617.378
367  TIM3e+ASC+R3  4244.866     20  8529.732     8530.449     8631.417
375  TIM3+F        4796.367     19  9630.735     9631.383     9727.335
376  TIM3+F+ASC    4236.585     19  8511.171     8511.819     8607.771
377  TIM3+F+G4     4796.456     20  9632.912     9633.629     9734.597
378  TIM3+F+ASC+G4 4236.585     20  8513.171     8513.887     8614.855
379  TIM3+F+R2     5590.917     21  11223.834    11224.623    11330.603
380  TIM3+F+R3     4794.751     23  9635.501     9636.446     9752.438
381  TIM3+F+R4     4794.107     25  9638.215     9639.329     9765.320
388  TIM3+F+ASC+R2 4237.197     21  8516.395     8517.184     8623.163
389  TIM3+F+ASC+R3 4237.197     23  8520.394     8521.339     8637.332
397  TVMe          4662.604     17  9359.208     9359.728     9445.639
398  TVMe+ASC      4074.286     17  8182.572     8183.092     8269.003
399  TVMe+G4       4662.724     18  9361.447     9362.030     9452.963
400  TVMe+ASC+G4   4074.284     18  8184.568     8185.151     8276.084
401  TVMe+R2       5436.340     19  10910.680    10911.328    11007.280
402  TVMe+R3       4686.185     21  9414.369     9415.158     9521.138
403  TVMe+R4       4662.591     23  9371.181     9372.126     9488.119
404  TVMe+R5       4662.575     25  9375.149     9376.263     9502.255
410  TVMe+ASC+R2   4075.003     19  8188.007     8188.655     8284.607
411  TVMe+ASC+R3   4075.003     21  8192.007     8192.796     8298.776
419  TVM+F         4640.510     20  9321.021     9321.738     9422.705
420  TVM+F+ASC     4073.722     20  8187.444     8188.161     8289.129
421  TVM+F+G4      4640.635     21  9323.270     9324.059     9430.039
422  TVM+F+ASC+G4  4073.723     21  8189.447     8190.236     8296.216
423  TVM+F+R2      5313.586     22  10671.171    10672.036    10783.024
424  TVM+F+R3      5055.836     24  10159.671    10160.699    10281.693
425  TVM+F+R4      4640.534     26  9333.068     9334.272     9465.258
426  TVM+F+R5      4640.486     28  9336.971     9338.367     9479.330
432  TVM+F+ASC+R2  4074.599     22  8193.198     8194.063     8305.051
433  TVM+F+ASC+R3  4074.600     24  8197.200     8198.227     8319.221
441  SYM           4662.511     18  9361.022     9361.604     9452.538
442  SYM+ASC       4074.102     18  8184.205     8184.787     8275.721
443  SYM+G4        4662.838     19  9363.677     9364.325     9460.277
444  SYM+ASC+G4    4074.101     19  8186.203     8186.851     8282.803
445  SYM+R2        5341.764     20  10723.528    10724.245    10825.213
446  SYM+R3        5299.011     22  10642.022    10642.887    10753.875
447  SYM+R4        4662.550     24  9373.100     9374.127     9495.121
448  SYM+R5        4662.485     26  9376.970     9378.174     9509.159
454  SYM+ASC+R2    4074.815     20  8189.629     8190.346     8291.314
455  SYM+ASC+R3    4074.815     22  8193.629     8194.494     8305.482
463  GTR+F         4640.440     21  9322.880     9323.669     9429.648
464  GTR+F+ASC     4073.604     21  8189.209     8189.998     8295.978
465  GTR+F+G4      4640.590     22  9325.180     9326.045     9437.033
466  GTR+F+ASC+G4  4073.604     22  8191.207     8192.072     8303.060
467  GTR+F+R2      5332.775     23  10711.550    10712.494    10828.487
468  GTR+F+R3      5330.061     25  10710.121    10711.235    10837.227
476  GTR+F+ASC+R2  4074.478     23  8194.955     8195.900     8311.893
477  GTR+F+ASC+R3  4074.478     25  8198.956     8200.069     8326.061
Akaike Information Criterion:           TVMe+ASC
Corrected Akaike Information Criterion: TVMe+ASC
Bayesian Information Criterion:         TVMe+ASC
Best-fit model: TVMe+ASC chosen according to BIC

All model information printed to SNPs_MT.fasta.model.gz
CPU time for ModelFinder: 1.202 seconds (0h:0m:1s)
Wall-clock time for ModelFinder: 1.220 seconds (0h:0m:1s)
Generating 1000 samples for ultrafast bootstrap (seed: 534020)...

NOTE: 0 MB RAM (0 GB) is required!
Estimate model parameters (epsilon = 0.100)
1. Initial log-likelihood: -4357.946
2. Current log-likelihood: -4074.112
Optimal log-likelihood: -4073.971
Rate parameters:  A-C: 0.96817  A-G: 0.26678  A-T: 0.69327  C-G: 0.07602  C-T: 0.26678  G-T: 1.00000
Base frequencies:  A: 0.250  C: 0.250  G: 0.250  T: 0.250
Parameters optimization took 2 rounds (0.002 sec)
Computing ML distances based on estimated model parameters... 0.001 sec
Computing BIONJ tree...
0.013 seconds
Log-likelihood of BIONJ tree: -4073.587
--------------------------------------------------------------------
|             INITIALIZING CANDIDATE TREE SET                      |
--------------------------------------------------------------------
Generating 99 parsimony trees... 0.039 second
Computing log-likelihood of 48 initial trees ... 0.014 seconds
Current best score: -4073.587

Do NNI search on 20 best initial trees
Estimate model parameters (epsilon = 0.100)
BETTER TREE FOUND at iteration 1: -4073.574
Iteration 10 / LogL: -4101.716 / Time: 0h:0m:0s
Iteration 20 / LogL: -4124.625 / Time: 0h:0m:0s
Finish initializing candidate tree set (1)
Current best tree score: -4073.574 / CPU time: 0.107
Number of iterations: 20
--------------------------------------------------------------------
|               OPTIMIZING CANDIDATE TREE SET                      |
--------------------------------------------------------------------
UPDATE BEST LOG-LIKELIHOOD: -4073.574
UPDATE BEST LOG-LIKELIHOOD: -4073.573
UPDATE BEST LOG-LIKELIHOOD: -4073.572
Iteration 30 / LogL: -4082.182 / Time: 0h:0m:0s (0h:0m:0s left)
Iteration 40 / LogL: -4145.335 / Time: 0h:0m:0s (0h:0m:0s left)
Iteration 50 / LogL: -4073.600 / Time: 0h:0m:0s (0h:0m:0s left)
Log-likelihood cutoff on original alignment: -4089.251
UPDATE BEST LOG-LIKELIHOOD: -4073.572
Iteration 60 / LogL: -4073.572 / Time: 0h:0m:0s (0h:0m:0s left)
UPDATE BEST LOG-LIKELIHOOD: -4073.571
UPDATE BEST LOG-LIKELIHOOD: -4073.571
Iteration 70 / LogL: -4115.534 / Time: 0h:0m:0s (0h:0m:0s left)
UPDATE BEST LOG-LIKELIHOOD: -4073.570
Iteration 80 / LogL: -4073.570 / Time: 0h:0m:0s (0h:0m:0s left)
Iteration 90 / LogL: -4081.733 / Time: 0h:0m:0s (0h:0m:0s left)
Iteration 100 / LogL: -4145.459 / Time: 0h:0m:0s (0h:0m:0s left)
Log-likelihood cutoff on original alignment: -4089.262
NOTE: Bootstrap correlation coefficient of split occurrence frequencies: 1.000
TREE SEARCH COMPLETED AFTER 102 ITERATIONS / Time: 0h:0m:0s

--------------------------------------------------------------------
|                    FINALIZING TREE SEARCH                        |
--------------------------------------------------------------------
Performs final model parameters optimization
Estimate model parameters (epsilon = 0.010)
1. Initial log-likelihood: -4073.570
Optimal log-likelihood: -4073.569
Rate parameters:  A-C: 0.96783  A-G: 0.26898  A-T: 0.69278  C-G: 0.07776  C-T: 0.26898  G-T: 1.00000
Base frequencies:  A: 0.250  C: 0.250  G: 0.250  T: 0.250
Parameters optimization took 1 rounds (0.000 sec)
BEST SCORE FOUND : -4073.569
Creating bootstrap support values...
Split supports printed to NEXUS file SNPs_MT.fasta.splits.nex
Total tree length: 0.070

Total number of iterations: 102
CPU time used for tree search: 0.646 sec (0h:0m:0s)
Wall-clock time used for tree search: 0.661 sec (0h:0m:0s)
Total CPU time used: 0.688 sec (0h:0m:0s)
Total wall-clock time used: 0.721 sec (0h:0m:0s)

Computing bootstrap consensus tree...
Reading input file SNPs_MT.fasta.splits.nex...
8 taxa and 15 splits.
Consensus tree written to SNPs_MT.fasta.contree
Reading input trees file SNPs_MT.fasta.contree
Log-likelihood of consensus tree: -4073.572

Analysis results written to: 
  IQ-TREE report:                SNPs_MT.fasta.iqtree
  Maximum-likelihood tree:       SNPs_MT.fasta.treefile
  Likelihood distances:          SNPs_MT.fasta.mldist

Ultrafast bootstrap approximation results written to:
  Split support values:          SNPs_MT.fasta.splits.nex
  Consensus tree:                SNPs_MT.fasta.contree
  Screen log file:               SNPs_MT.fasta.log

Date and Time: Tue Feb  8 22:30:38 2022
